TN:
SF:src/index.ts
FN:11,(anonymous_0)
FN:12,(anonymous_1)
FN:13,(anonymous_2)
FN:14,(anonymous_3)
FN:15,(anonymous_4)
FN:16,(anonymous_5)
FN:16,(anonymous_6)
FNF:7
FNH:0
FNDA:0,(anonymous_0)
FNDA:0,(anonymous_1)
FNDA:0,(anonymous_2)
FNDA:0,(anonymous_3)
FNDA:0,(anonymous_4)
FNDA:0,(anonymous_5)
FNDA:0,(anonymous_6)
DA:11,0
DA:12,0
DA:13,0
DA:14,0
DA:15,0
DA:16,0
LF:6
LH:0
BRF:0
BRH:0
end_of_record
TN:
SF:src/core/constants.ts
FN:12,(anonymous_0)
FN:18,(anonymous_1)
FN:23,(anonymous_2)
FN:28,(anonymous_3)
FN:29,(anonymous_4)
FN:41,(anonymous_5)
FN:42,(anonymous_6)
FN:45,(anonymous_7)
FN:48,(anonymous_8)
FN:49,(anonymous_9)
FNF:10
FNH:10
FNDA:648,(anonymous_0)
FNDA:72,(anonymous_1)
FNDA:72,(anonymous_2)
FNDA:24,(anonymous_3)
FNDA:72,(anonymous_4)
FNDA:648,(anonymous_5)
FNDA:17496,(anonymous_6)
FNDA:648,(anonymous_7)
FNDA:1944,(anonymous_8)
FNDA:17496,(anonymous_9)
DA:1,8
DA:7,8
DA:8,8
DA:9,8
DA:12,648
DA:15,8
DA:18,8
DA:19,72
DA:23,8
DA:24,72
DA:28,8
DA:29,24
DA:30,72
DA:35,8
DA:38,8
DA:41,8
DA:42,17496
DA:45,8
DA:46,648
DA:48,648
DA:49,1944
DA:50,17496
DA:51,12960
DA:55,648
LF:24
LH:24
BRDA:50,0,0,12960
BRDA:50,0,1,4536
BRDA:50,1,0,17496
BRDA:50,1,1,15552
BRF:4
BRH:4
end_of_record
TN:
SF:src/core/index.ts
FN:6,(anonymous_0)
FN:6,(anonymous_1)
FN:6,(anonymous_2)
FN:6,(anonymous_3)
FN:6,(anonymous_4)
FN:6,(anonymous_5)
FN:6,(anonymous_6)
FN:9,(anonymous_7)
FN:9,(anonymous_8)
FN:14,(anonymous_9)
FN:14,(anonymous_10)
FN:14,(anonymous_11)
FN:14,(anonymous_12)
FN:19,(anonymous_13)
FN:19,(anonymous_14)
FNF:15
FNH:0
FNDA:0,(anonymous_0)
FNDA:0,(anonymous_1)
FNDA:0,(anonymous_2)
FNDA:0,(anonymous_3)
FNDA:0,(anonymous_4)
FNDA:0,(anonymous_5)
FNDA:0,(anonymous_6)
FNDA:0,(anonymous_7)
FNDA:0,(anonymous_8)
FNDA:0,(anonymous_9)
FNDA:0,(anonymous_10)
FNDA:0,(anonymous_11)
FNDA:0,(anonymous_12)
FNDA:0,(anonymous_13)
FNDA:0,(anonymous_14)
DA:6,0
DA:9,0
DA:14,0
DA:19,0
LF:4
LH:0
BRF:0
BRH:0
end_of_record
TN:
SF:src/core/parser.ts
FN:14,gridValues
FN:37,parseGrid
FN:43,(anonymous_2)
FNF:3
FNH:3
FNDA:25,gridValues
FNDA:2497,parseGrid
FNDA:202257,(anonymous_2)
DA:1,6
DA:2,6
DA:14,6
DA:16,25
DA:19,25
DA:21,24
DA:23,24
DA:24,1944
DA:25,1944
DA:26,382
DA:30,24
DA:37,6
DA:42,2497
DA:43,2497
DA:44,202257
DA:47,2497
DA:49,2497
DA:50,127068
DA:51,127068
DA:52,127066
DA:53,126996
DA:54,5
DA:58,70
DA:63,2492
LF:24
LH:24
BRDA:25,0,0,382
BRDA:25,0,1,1562
BRDA:47,1,0,13
BRDA:47,1,1,2484
BRDA:51,2,0,127066
BRDA:51,2,1,2
BRDA:51,3,0,127068
BRDA:51,3,1,127068
BRDA:52,4,0,126996
BRDA:52,4,1,70
BRDA:53,5,0,5
BRDA:53,5,1,126991
BRF:12
BRH:12
end_of_record
TN:
SF:src/core/serialization.ts
FN:12,serialize
FN:36,deserialize
FNF:2
FNH:2
FNDA:24,serialize
FNDA:22,deserialize
DA:1,1
DA:12,1
DA:13,24
DA:16,24
DA:17,1944
DA:21,24
DA:29,24
DA:36,1
DA:37,22
DA:40,22
DA:49,22
DA:50,1657
DA:51,1657
DA:52,932
DA:56,22
LF:15
LH:15
BRDA:17,0,0,1944
BRDA:17,0,1,1316
BRDA:51,1,0,932
BRDA:51,1,1,725
BRDA:51,2,0,1657
BRDA:51,2,1,932
BRF:6
BRH:6
end_of_record
TN:
SF:src/core/solver.ts
FN:18,assign
FN:20,(anonymous_1)
FN:31,eliminate
FN:43,(anonymous_3)
FN:51,(anonymous_4)
FN:68,search
FN:83,(anonymous_6)
FN:88,(anonymous_7)
FN:89,(anonymous_8)
FN:118,(anonymous_9)
FN:124,solve
FNF:11
FNH:11
FNDA:837728,assign
FNDA:431038,(anonymous_1)
FNDA:5027294,eliminate
FNDA:4596245,(anonymous_3)
FNDA:46328274,(anonymous_4)
FNDA:9987,search
FNDA:231911,(anonymous_6)
FNDA:397872,(anonymous_7)
FNDA:854035,(anonymous_8)
FNDA:7498,(anonymous_9)
FNDA:2485,solve
DA:1,4
DA:2,4
DA:3,4
DA:18,4
DA:19,837728
DA:20,837728
DA:21,816291
DA:23,21437
DA:31,4
DA:32,5027294
DA:33,3276942
DA:36,1750352
DA:39,1750352
DA:40,1726
DA:41,1748626
DA:42,244806
DA:43,4596245
DA:44,25497
DA:49,1723129
DA:50,5147586
DA:51,46328274
DA:52,5147586
DA:53,866
DA:54,5146720
DA:56,703234
DA:57,18846
DA:62,1703417
DA:68,4
DA:72,9987
DA:78,9987
DA:79,2591
DA:83,231911
DA:84,2484
DA:88,397872
DA:89,4912
DA:90,854035
DA:91,285328
DA:93,568707
DA:94,231574
DA:96,337133
DA:101,4912
DA:102,4790
DA:103,122
DA:104,122
DA:105,0
DA:106,0
DA:108,0
DA:111,4912
DA:112,4912
DA:113,1772
DA:114,3140
DA:115,2208
DA:118,7498
DA:124,4
DA:125,2485
LF:55
LH:52
BRDA:20,0,0,816291
BRDA:20,0,1,21437
BRDA:32,1,0,3276942
BRDA:32,1,1,1750352
BRDA:39,2,0,1726
BRDA:39,2,1,1748626
BRDA:41,3,0,244806
BRDA:41,3,1,1503820
BRDA:43,4,0,25497
BRDA:43,4,1,219309
BRDA:52,5,0,866
BRDA:52,5,1,5146720
BRDA:54,6,0,703234
BRDA:54,6,1,4443486
BRDA:56,7,0,18846
BRDA:56,7,1,684388
BRDA:70,8,0,39
BRDA:73,9,0,9987
BRDA:73,9,1,3489
BRDA:74,10,0,9987
BRDA:74,10,1,9495
BRDA:78,11,0,2591
BRDA:78,11,1,7396
BRDA:83,12,0,2484
BRDA:83,12,1,4912
BRDA:90,13,0,285328
BRDA:90,13,1,568707
BRDA:93,14,0,231574
BRDA:93,14,1,337133
BRDA:101,15,0,4790
BRDA:101,15,1,122
BRDA:103,16,0,122
BRDA:103,16,1,0
BRDA:105,17,0,0
BRDA:105,17,1,0
BRDA:112,18,0,1772
BRDA:112,18,1,3140
BRDA:114,19,0,2208
BRDA:114,19,1,932
BRF:39
BRH:36
end_of_record
TN:
SF:src/game/hints.ts
FN:37,getHint
FN:110,(anonymous_1)
FNF:2
FNH:2
FNDA:12,getHint
FNDA:13566,(anonymous_1)
DA:1,1
DA:2,1
DA:4,1
DA:37,1
DA:38,12
DA:39,2
DA:42,10
DA:43,10
DA:44,1
DA:47,9
DA:49,9
DA:50,25
DA:51,25
DA:52,2
DA:56,9
DA:57,2
DA:64,7
DA:65,7
DA:66,567
DA:70,7
DA:71,22
DA:72,22
DA:73,22
DA:75,22
DA:76,440
DA:77,440
DA:82,7
DA:83,7
DA:84,567
DA:85,2
DA:89,7
DA:90,2
DA:96,5
DA:98,5
DA:99,405
DA:100,405
DA:101,6
DA:104,399
DA:105,399
DA:106,3477
DA:107,3477
DA:108,10431
DA:109,10431
DA:111,13566
DA:114,0
DA:115,0
DA:116,0
DA:117,0
DA:118,0
DA:121,0
DA:132,5
DA:133,0
DA:136,5
LF:53
LH:46
BRDA:38,0,0,2
BRDA:38,0,1,10
BRDA:43,1,0,1
BRDA:43,1,1,9
BRDA:51,2,0,2
BRDA:51,2,1,23
BRDA:51,3,0,25
BRDA:51,3,1,25
BRDA:56,4,0,2
BRDA:56,4,1,7
BRDA:73,5,0,22
BRDA:73,5,1,0
BRDA:73,6,0,22
BRDA:73,6,1,22
BRDA:84,7,0,2
BRDA:84,7,1,565
BRDA:84,8,0,567
BRDA:84,8,1,24
BRDA:89,9,0,2
BRDA:89,9,1,5
BRDA:100,10,0,6
BRDA:100,10,1,399
BRDA:109,11,0,0
BRDA:109,11,1,10431
BRDA:111,12,0,13566
BRDA:111,12,1,12369
BRDA:115,13,0,0
BRDA:115,13,1,0
BRDA:117,14,0,0
BRDA:117,14,1,0
BRDA:132,15,0,0
BRDA:132,15,1,5
BRF:32
BRH:25
end_of_record
TN:
SF:src/game/index.ts
FN:6,(anonymous_0)
FN:11,(anonymous_1)
FN:11,(anonymous_2)
FN:11,(anonymous_3)
FNF:4
FNH:0
FNDA:0,(anonymous_0)
FNDA:0,(anonymous_1)
FNDA:0,(anonymous_2)
FNDA:0,(anonymous_3)
DA:6,0
DA:11,0
LF:2
LH:0
BRF:0
BRH:0
end_of_record
TN:
SF:src/game/validation.ts
FN:16,getConflicts
FN:53,isSolved
FN:65,isSolvableWithElimination
FNF:3
FNH:3
FNDA:9,getConflicts
FNDA:12,isSolved
FNDA:6,isSolvableWithElimination
DA:1,2
DA:2,2
DA:16,2
DA:17,9
DA:18,9
DA:20,9
DA:21,24
DA:22,24
DA:23,4
DA:26,20
DA:27,60
DA:28,60
DA:29,540
DA:30,540
DA:32,540
DA:34,26
DA:36,26
DA:37,7
DA:41,7
DA:47,9
DA:53,2
DA:54,12
DA:55,144
DA:56,8
DA:59,4
DA:65,2
DA:66,6
DA:67,6
LF:28
LH:28
BRDA:22,0,0,4
BRDA:22,0,1,20
BRDA:22,1,0,24
BRDA:22,1,1,22
BRDA:32,2,0,26
BRDA:32,2,1,514
BRDA:32,3,0,540
BRDA:32,3,1,480
BRDA:34,4,0,13
BRDA:34,4,1,13
BRDA:36,5,0,7
BRDA:36,5,1,19
BRDA:55,6,0,8
BRDA:55,6,1,136
BRDA:67,7,0,6
BRDA:67,7,1,0
BRF:16
BRH:15
end_of_record
TN:
SF:src/generator/difficulty.ts
FN:10,squareCount
FNF:1
FNH:1
FNDA:37,squareCount
DA:10,2
DA:11,37
DA:13,18
DA:15,10
DA:17,9
DA:19,0
LF:6
LH:5
BRDA:10,0,0,1
BRDA:11,1,0,18
BRDA:11,1,1,10
BRDA:11,1,2,9
BRDA:11,1,3,0
BRF:5
BRH:4
end_of_record
TN:
SF:src/generator/generator.ts
FN:24,generate
FN:75,generateWithStats
FNF:2
FNH:2
FNDA:21,generate
FNDA:8,generateWithStats
DA:1,1
DA:2,1
DA:5,1
DA:6,1
DA:7,1
DA:8,1
DA:24,1
DA:25,21
DA:26,21
DA:29,21
DA:30,21
DA:31,0
DA:34,21
DA:35,21
DA:36,21
DA:39,21
DA:40,1209
DA:43,1209
DA:44,1209
DA:45,1209
DA:48,1209
DA:49,1209
DA:51,167
DA:52,167
DA:56,0
DA:57,0
DA:61,1209
DA:62,17
DA:66,21
DA:67,21
DA:69,21
DA:75,1
DA:76,8
DA:77,8
DA:78,8
DA:80,8
LF:36
LH:33
BRDA:24,0,0,1
BRDA:30,1,0,0
BRDA:30,1,1,21
BRDA:49,2,0,167
BRDA:49,2,1,1042
BRDA:61,3,0,17
BRDA:61,3,1,1192
BRDA:75,4,0,1
BRF:8
BRH:7
end_of_record
TN:
SF:src/generator/index.ts
FN:6,(anonymous_0)
FN:11,(anonymous_1)
FN:14,(anonymous_2)
FN:14,(anonymous_3)
FNF:4
FNH:0
FNDA:0,(anonymous_0)
FNDA:0,(anonymous_1)
FNDA:0,(anonymous_2)
FNDA:0,(anonymous_3)
DA:6,0
DA:11,0
DA:14,0
LF:3
LH:0
BRF:0
BRH:0
end_of_record
TN:
SF:src/generator/uniqueness.ts
FN:11,isUnique
FNF:1
FNH:1
FNDA:1223,isUnique
DA:1,2
DA:2,2
DA:11,2
DA:12,1223
DA:15,1223
DA:16,1223
DA:18,1223
DA:19,1
DA:23,1222
DA:24,87315
DA:25,171
DA:28,1051
LF:12
LH:12
BRDA:12,0,0,6
BRDA:12,0,1,1217
BRDA:18,1,0,1
BRDA:18,1,1,1222
BRDA:18,2,0,1223
BRDA:18,2,1,1222
BRDA:24,3,0,171
BRDA:24,3,1,87144
BRF:8
BRH:8
end_of_record
TN:
SF:src/utils/array.ts
FN:8,each
FN:17,all
FN:29,any
FN:42,filter
FN:62,some
FN:75,map
FN:77,(anonymous_6)
FN:90,randomElement
FN:97,contains
FN:98,(anonymous_9)
FN:104,shuffle
FN:106,(anonymous_11)
FN:123,chars
FN:134,cross
FNF:14
FNH:14
FNDA:14907,each
FNDA:1100363,all
FNDA:174433,any
FNDA:5153147,filter
FNDA:4914,some
FNDA:2232,map
FNDA:7962,(anonymous_6)
FNDA:5,randomElement
FNDA:174431,contains
FNDA:1002930,(anonymous_9)
FNDA:2230,shuffle
FNDA:7957,(anonymous_11)
FNDA:984166,chars
FNDA:225,cross
DA:8,10
DA:9,14907
DA:10,840243
DA:17,10
DA:18,1100363
DA:19,5272764
DA:20,62278
DA:23,1038085
DA:29,10
DA:30,174433
DA:31,1002935
DA:32,1002935
DA:33,142417
DA:36,32016
DA:42,10
DA:46,5153147
DA:47,5153147
DA:48,46743646
DA:49,0
DA:50,0
DA:52,46743646
DA:53,22675016
DA:56,5153147
DA:62,10
DA:63,4914
DA:64,7503
DA:65,7503
DA:66,2808
DA:69,2106
DA:75,10
DA:76,2232
DA:77,2232
DA:78,7962
DA:79,7960
DA:80,2
DA:81,2
DA:84,2232
DA:90,10
DA:91,5
DA:97,10
DA:98,1002930
DA:104,10
DA:106,7957
DA:108,2230
DA:109,2230
DA:110,5727
DA:111,5727
DA:112,5727
DA:113,5727
DA:114,5727
DA:117,2230
DA:123,10
DA:124,984166
DA:125,984166
DA:126,1710681
DA:128,984166
DA:134,10
DA:135,225
DA:136,225
DA:137,1010
DA:138,2596
DA:141,225
LF:62
LH:60
BRDA:19,0,0,62278
BRDA:19,0,1,5210486
BRDA:32,1,0,142417
BRDA:32,1,1,860518
BRDA:48,2,0,0
BRDA:48,2,1,46743646
BRDA:49,3,0,0
BRDA:49,3,1,0
BRDA:52,4,0,22675016
BRDA:52,4,1,24068630
BRDA:65,5,0,2808
BRDA:65,5,1,4695
BRDA:78,6,0,7960
BRDA:78,6,1,2
BRDA:80,7,0,2
BRDA:80,7,1,0
BRF:16
BRH:12
end_of_record
TN:
SF:src/utils/assert.ts
FN:9,assert
FNF:1
FNH:1
FNDA:40,assert
DA:9,9
DA:10,40
DA:11,11
LF:3
LH:3
BRDA:10,0,0,11
BRDA:10,0,1,29
BRDA:11,1,0,11
BRDA:11,1,1,6
BRF:4
BRH:4
end_of_record
TN:
SF:src/utils/console.ts
FN:8,print
FNF:1
FNH:1
FNDA:7,print
DA:8,10
DA:9,7
LF:2
LH:2
BRF:0
BRH:0
end_of_record
TN:
SF:src/utils/debug.ts
FN:15,setDebugEnabled
FN:22,debug
FNF:2
FNH:2
FNDA:14,setDebugEnabled
FNDA:27,debug
DA:1,9
DA:10,9
DA:15,9
DA:16,14
DA:22,9
DA:23,27
DA:24,4
LF:7
LH:7
BRDA:23,0,0,4
BRDA:23,0,1,23
BRF:2
BRH:2
end_of_record
TN:
SF:src/utils/index.ts
FN:7,(anonymous_0)
FN:8,(anonymous_1)
FN:9,(anonymous_2)
FN:10,(anonymous_3)
FN:11,(anonymous_4)
FN:12,(anonymous_5)
FN:13,(anonymous_6)
FN:14,(anonymous_7)
FN:15,(anonymous_8)
FN:16,(anonymous_9)
FN:17,(anonymous_10)
FN:21,(anonymous_11)
FN:21,(anonymous_12)
FN:21,(anonymous_13)
FN:21,(anonymous_14)
FN:24,(anonymous_15)
FN:27,(anonymous_16)
FN:27,(anonymous_17)
FN:27,(anonymous_18)
FN:30,(anonymous_19)
FNF:20
FNH:12
FNDA:5153,(anonymous_0)
FNDA:1100361,(anonymous_1)
FNDA:0,(anonymous_2)
FNDA:5153146,(anonymous_3)
FNDA:4912,(anonymous_4)
FNDA:0,(anonymous_5)
FNDA:4,(anonymous_6)
FNDA:174429,(anonymous_7)
FNDA:2229,(anonymous_8)
FNDA:984165,(anonymous_9)
FNDA:224,(anonymous_10)
FNDA:0,(anonymous_11)
FNDA:38,(anonymous_12)
FNDA:0,(anonymous_13)
FNDA:7519,(anonymous_14)
FNDA:0,(anonymous_15)
FNDA:0,(anonymous_16)
FNDA:0,(anonymous_17)
FNDA:0,(anonymous_18)
FNDA:25,(anonymous_19)
DA:6,8
DA:7,5161
DA:8,1100369
DA:9,8
DA:10,5153154
DA:11,4920
DA:12,8
DA:13,12
DA:14,174437
DA:15,2237
DA:16,984173
DA:17,232
DA:21,7527
DA:24,8
DA:27,8
DA:30,33
LF:16
LH:16
BRF:0
BRH:0
end_of_record
TN:
SF:src/utils/object.ts
FN:10,vals
FN:21,keys
FN:32,dict
FN:34,(anonymous_3)
FN:43,copy
FNF:5
FNH:5
FNDA:7521,vals
FNDA:7559,keys
FNDA:7521,dict
FNDA:609045,(anonymous_3)
FNDA:7520,copy
DA:1,9
DA:10,9
DA:11,7521
DA:12,7521
DA:13,609045
DA:15,7521
DA:21,9
DA:22,7559
DA:23,7559
DA:24,610216
DA:26,7559
DA:32,9
DA:33,7521
DA:34,7521
DA:35,609045
DA:37,7521
DA:43,9
DA:44,7520
LF:18
LH:18
BRF:0
BRH:0
end_of_record
